<?xml version="1.0" encoding="utf-8"?>
<CoverageSession xmlns:xsd="http://www.w3.org/2001/XMLSchema" xmlns:xsi="http://www.w3.org/2001/XMLSchema-instance" Version="4.7.922.0">
  <Summary numSequencePoints="226" visitedSequencePoints="205" numBranchPoints="221" visitedBranchPoints="171" sequenceCoverage="90.71" branchCoverage="77.38" maxCyclomaticComplexity="85" minCyclomaticComplexity="1" maxCrapScore="162.88" minCrapScore="1" visitedClasses="2" numClasses="3" visitedMethods="16" numMethods="17" />
  <Modules>
    <Module hash="D9-F1-8E-D8-AD-47-A1-B4-7C-9F-E8-45-B7-F3-BC-BE-E0-9E-C1-E8">
      <Summary numSequencePoints="226" visitedSequencePoints="205" numBranchPoints="221" visitedBranchPoints="171" sequenceCoverage="90.71" branchCoverage="77.38" maxCyclomaticComplexity="85" minCyclomaticComplexity="1" maxCrapScore="162.88" minCrapScore="1" visitedClasses="2" numClasses="3" visitedMethods="16" numMethods="17" />
      <ModulePath>C:\Users\Michaltchuk\Desktop\NDD\PorExtenso\ChequePorExtenso\UnitTestProject1\bin\Debug\fine-code-coverage\build-output\ChequePorExtenso.ConsoleApp.exe</ModulePath>
      <ModuleTime>2021-06-07T17:45:18.8007735Z</ModuleTime>
      <ModuleName>ChequePorExtenso.ConsoleApp</ModuleName>
      <Files>
        <File uid="1" fullPath="C:\Users\Michaltchuk\Desktop\NDD\PorExtenso\ChequePorExtenso\ChequePorExtenso.ConsoleApp\Cheque.cs" />
        <File uid="2" fullPath="C:\Users\Michaltchuk\Desktop\NDD\PorExtenso\ChequePorExtenso\ChequePorExtenso.ConsoleApp\Numero.cs" />
        <File uid="3" fullPath="C:\Users\Michaltchuk\Desktop\NDD\PorExtenso\ChequePorExtenso\ChequePorExtenso.ConsoleApp\Program.cs" />
      </Files>
      <Classes>
        <Class>
          <Summary numSequencePoints="1" visitedSequencePoints="1" numBranchPoints="1" visitedBranchPoints="1" sequenceCoverage="100" branchCoverage="100" maxCyclomaticComplexity="1" minCyclomaticComplexity="1" maxCrapScore="1" minCrapScore="1" visitedClasses="1" numClasses="1" visitedMethods="1" numMethods="1" />
          <FullName>ChequePorExtenso.ConsoleApp.Cheque</FullName>
          <Methods>
            <Method visited="true" cyclomaticComplexity="1" nPathComplexity="0" sequenceCoverage="100" branchCoverage="100" crapScore="1" isConstructor="true" isStatic="false" isGetter="false" isSetter="false">
              <Summary numSequencePoints="1" visitedSequencePoints="1" numBranchPoints="1" visitedBranchPoints="1" sequenceCoverage="100" branchCoverage="100" maxCyclomaticComplexity="1" minCyclomaticComplexity="1" maxCrapScore="1" minCrapScore="1" visitedClasses="0" numClasses="0" visitedMethods="1" numMethods="1" />
              <MetadataToken>100663297</MetadataToken>
              <Name>System.Void ChequePorExtenso.ConsoleApp.Cheque::.ctor()</Name>
              <FileRef uid="1" />
              <SequencePoints>
                <SequencePoint vc="20" uspid="1" ordinal="0" offset="0" sl="11" sc="9" el="11" ec="46" bec="0" bev="0" fileid="1" />
              </SequencePoints>
              <BranchPoints />
              <MethodPoint xsi:type="SequencePoint" vc="20" uspid="1" ordinal="0" offset="0" sl="11" sc="9" el="11" ec="46" bec="0" bev="0" fileid="1" />
            </Method>
          </Methods>
        </Class>
        <Class>
          <Summary numSequencePoints="223" visitedSequencePoints="204" numBranchPoints="219" visitedBranchPoints="170" sequenceCoverage="91.48" branchCoverage="77.63" maxCyclomaticComplexity="85" minCyclomaticComplexity="1" maxCrapScore="162.88" minCrapScore="1" visitedClasses="1" numClasses="1" visitedMethods="15" numMethods="15" />
          <FullName>ChequePorExtenso.ConsoleApp.Numero</FullName>
          <Methods>
            <Method visited="true" cyclomaticComplexity="4" nPathComplexity="8" sequenceCoverage="100" branchCoverage="100" crapScore="4" isConstructor="false" isStatic="false" isGetter="false" isSetter="false">
              <Summary numSequencePoints="25" visitedSequencePoints="25" numBranchPoints="7" visitedBranchPoints="7" sequenceCoverage="100" branchCoverage="100" maxCyclomaticComplexity="4" minCyclomaticComplexity="4" maxCrapScore="4" minCrapScore="4" visitedClasses="0" numClasses="0" visitedMethods="1" numMethods="1" />
              <MetadataToken>100663298</MetadataToken>
              <Name>System.String ChequePorExtenso.ConsoleApp.Numero::escreverPorExtenso()</Name>
              <FileRef uid="2" />
              <SequencePoints>
                <SequencePoint vc="20" uspid="2" ordinal="0" offset="0" sl="15" sc="9" el="15" ec="10" bec="0" bev="0" fileid="2" />
                <SequencePoint vc="20" uspid="3" ordinal="1" offset="1" sl="16" sc="13" el="16" ec="40" bec="0" bev="0" fileid="2" />
                <SequencePoint vc="20" uspid="4" ordinal="2" offset="8" sl="17" sc="13" el="17" ec="70" bec="0" bev="0" fileid="2" />
                <SequencePoint vc="20" uspid="5" ordinal="3" offset="16" sl="19" sc="13" el="19" ec="57" bec="0" bev="0" fileid="2" />
                <SequencePoint vc="20" uspid="6" ordinal="4" offset="28" sl="21" sc="13" el="21" ec="47" bec="0" bev="0" fileid="2" />
                <SequencePoint vc="20" uspid="7" ordinal="5" offset="36" sl="22" sc="13" el="22" ec="38" bec="0" bev="0" fileid="2" />
                <SequencePoint vc="20" uspid="8" ordinal="6" offset="42" sl="23" sc="18" el="23" ec="27" bec="0" bev="0" fileid="2" />
                <SequencePoint vc="80" uspid="9" ordinal="7" offset="47" sl="24" sc="13" el="24" ec="14" bec="0" bev="0" fileid="2" />
                <SequencePoint vc="80" uspid="10" ordinal="8" offset="48" sl="25" sc="22" el="25" ec="31" bec="0" bev="0" fileid="2" />
                <SequencePoint vc="240" uspid="11" ordinal="9" offset="54" sl="26" sc="17" el="26" ec="18" bec="0" bev="0" fileid="2" />
                <SequencePoint vc="240" uspid="12" ordinal="10" offset="55" sl="27" sc="21" el="27" ec="65" bec="0" bev="0" fileid="2" />
                <SequencePoint vc="240" uspid="13" ordinal="11" offset="70" sl="28" sc="21" el="28" ec="65" bec="0" bev="0" fileid="2" />
                <SequencePoint vc="240" uspid="14" ordinal="12" offset="80" sl="29" sc="17" el="29" ec="18" bec="0" bev="0" fileid="2" />
                <SequencePoint vc="240" uspid="15" ordinal="13" offset="81" sl="25" sc="44" el="25" ec="47" bec="0" bev="0" fileid="2" />
                <SequencePoint vc="320" uspid="16" ordinal="14" offset="87" sl="25" sc="33" el="25" ec="42" bec="2" bev="2" fileid="2" />
                <SequencePoint vc="80" uspid="17" ordinal="15" offset="101" sl="30" sc="17" el="30" ec="81" bec="0" bev="0" fileid="2" />
                <SequencePoint vc="80" uspid="18" ordinal="16" offset="125" sl="31" sc="17" el="31" ec="50" bec="0" bev="0" fileid="2" />
                <SequencePoint vc="80" uspid="19" ordinal="17" offset="134" sl="32" sc="13" el="32" ec="14" bec="0" bev="0" fileid="2" />
                <SequencePoint vc="80" uspid="20" ordinal="18" offset="135" sl="23" sc="53" el="23" ec="59" bec="0" bev="0" fileid="2" />
                <SequencePoint vc="100" uspid="21" ordinal="19" offset="141" sl="23" sc="29" el="23" ec="51" bec="2" bev="2" fileid="2" />
                <SequencePoint vc="20" uspid="22" ordinal="20" offset="161" sl="33" sc="13" el="33" ec="37" bec="2" bev="2" fileid="2" />
                <SequencePoint vc="18" uspid="23" ordinal="21" offset="176" sl="34" sc="17" el="34" ec="42" bec="0" bev="0" fileid="2" />
                <SequencePoint vc="20" uspid="24" ordinal="22" offset="183" sl="36" sc="13" el="36" ec="41" bec="0" bev="0" fileid="2" />
                <SequencePoint vc="20" uspid="25" ordinal="23" offset="190" sl="38" sc="13" el="38" ec="45" bec="0" bev="0" fileid="2" />
                <SequencePoint vc="20" uspid="26" ordinal="24" offset="200" sl="39" sc="9" el="39" ec="10" bec="0" bev="0" fileid="2" />
              </SequencePoints>
              <BranchPoints>
                <BranchPoint vc="80" uspid="27" ordinal="0" offset="99" sl="25" path="0" offsetend="101" fileid="2" />
                <BranchPoint vc="240" uspid="28" ordinal="1" offset="99" sl="25" path="1" offsetend="54" fileid="2" />
                <BranchPoint vc="20" uspid="29" ordinal="2" offset="159" sl="23" path="0" offsetend="161" fileid="2" />
                <BranchPoint vc="80" uspid="30" ordinal="3" offset="159" sl="23" path="1" offsetend="47" fileid="2" />
                <BranchPoint vc="18" uspid="31" ordinal="4" offset="174" sl="33" path="0" offsetend="176" fileid="2" />
                <BranchPoint vc="2" uspid="32" ordinal="5" offset="174" sl="33" path="1" offsetend="183" fileid="2" />
              </BranchPoints>
              <MethodPoint xsi:type="SequencePoint" vc="20" uspid="2" ordinal="0" offset="0" sl="15" sc="9" el="15" ec="10" bec="0" bev="0" fileid="2" />
            </Method>
            <Method visited="true" cyclomaticComplexity="1" nPathComplexity="0" sequenceCoverage="100" branchCoverage="100" crapScore="1" isConstructor="false" isStatic="false" isGetter="false" isSetter="false">
              <Summary numSequencePoints="6" visitedSequencePoints="6" numBranchPoints="1" visitedBranchPoints="1" sequenceCoverage="100" branchCoverage="100" maxCyclomaticComplexity="1" minCyclomaticComplexity="1" maxCrapScore="1" minCrapScore="1" visitedClasses="0" numClasses="0" visitedMethods="1" numMethods="1" />
              <MetadataToken>100663299</MetadataToken>
              <Name>System.Void ChequePorExtenso.ConsoleApp.Numero::fazerNomenclaturaCentavos()</Name>
              <FileRef uid="2" />
              <SequencePoints>
                <SequencePoint vc="20" uspid="33" ordinal="0" offset="0" sl="42" sc="9" el="42" ec="10" bec="0" bev="0" fileid="2" />
                <SequencePoint vc="20" uspid="34" ordinal="1" offset="1" sl="43" sc="13" el="43" ec="66" bec="0" bev="0" fileid="2" />
                <SequencePoint vc="20" uspid="35" ordinal="2" offset="16" sl="44" sc="13" el="44" ec="67" bec="0" bev="0" fileid="2" />
                <SequencePoint vc="20" uspid="36" ordinal="3" offset="31" sl="46" sc="13" el="46" ec="103" bec="0" bev="0" fileid="2" />
                <SequencePoint vc="20" uspid="37" ordinal="4" offset="60" sl="47" sc="13" el="47" ec="41" bec="0" bev="0" fileid="2" />
                <SequencePoint vc="20" uspid="38" ordinal="5" offset="67" sl="48" sc="9" el="48" ec="10" bec="0" bev="0" fileid="2" />
              </SequencePoints>
              <BranchPoints />
              <MethodPoint xsi:type="SequencePoint" vc="20" uspid="33" ordinal="0" offset="0" sl="42" sc="9" el="42" ec="10" bec="0" bev="0" fileid="2" />
            </Method>
            <Method visited="true" cyclomaticComplexity="6" nPathComplexity="32" sequenceCoverage="100" branchCoverage="100" crapScore="6" isConstructor="false" isStatic="false" isGetter="false" isSetter="false">
              <Summary numSequencePoints="13" visitedSequencePoints="13" numBranchPoints="11" visitedBranchPoints="11" sequenceCoverage="100" branchCoverage="100" maxCyclomaticComplexity="6" minCyclomaticComplexity="6" maxCrapScore="6" minCrapScore="6" visitedClasses="0" numClasses="0" visitedMethods="1" numMethods="1" />
              <MetadataToken>100663300</MetadataToken>
              <Name>System.Void ChequePorExtenso.ConsoleApp.Numero::nomenclaturaFinalCentavos()</Name>
              <FileRef uid="2" />
              <SequencePoints>
                <SequencePoint vc="20" uspid="39" ordinal="0" offset="0" sl="50" sc="9" el="50" ec="10" bec="0" bev="0" fileid="2" />
                <SequencePoint vc="20" uspid="40" ordinal="1" offset="1" sl="51" sc="13" el="51" ec="40" bec="2" bev="2" fileid="2" />
                <SequencePoint vc="6" uspid="41" ordinal="2" offset="14" sl="52" sc="13" el="52" ec="14" bec="0" bev="0" fileid="2" />
                <SequencePoint vc="6" uspid="42" ordinal="3" offset="15" sl="53" sc="17" el="53" ec="88" bec="2" bev="2" fileid="2" />
                <SequencePoint vc="6" uspid="43" ordinal="4" offset="45" sl="55" sc="17" el="55" ec="41" bec="2" bev="2" fileid="2" />
                <SequencePoint vc="3" uspid="44" ordinal="5" offset="50" sl="56" sc="21" el="56" ec="45" bec="2" bev="2" fileid="2" />
                <SequencePoint vc="2" uspid="45" ordinal="6" offset="63" sl="57" sc="25" el="57" ec="49" bec="0" bev="0" fileid="2" />
                <SequencePoint vc="1" uspid="46" ordinal="7" offset="87" sl="59" sc="25" el="59" ec="57" bec="0" bev="0" fileid="2" />
                <SequencePoint vc="3" uspid="47" ordinal="8" offset="111" sl="61" sc="21" el="61" ec="45" bec="2" bev="2" fileid="2" />
                <SequencePoint vc="2" uspid="48" ordinal="9" offset="126" sl="62" sc="21" el="62" ec="46" bec="0" bev="0" fileid="2" />
                <SequencePoint vc="1" uspid="49" ordinal="10" offset="150" sl="64" sc="21" el="64" ec="54" bec="0" bev="0" fileid="2" />
                <SequencePoint vc="6" uspid="50" ordinal="11" offset="172" sl="65" sc="13" el="65" ec="14" bec="0" bev="0" fileid="2" />
                <SequencePoint vc="20" uspid="51" ordinal="12" offset="173" sl="66" sc="9" el="66" ec="10" bec="0" bev="0" fileid="2" />
              </SequencePoints>
              <BranchPoints>
                <BranchPoint vc="6" uspid="52" ordinal="0" offset="9" sl="51" path="0" offsetend="14" fileid="2" />
                <BranchPoint vc="14" uspid="53" ordinal="1" offset="9" sl="51" path="1" offsetend="173" fileid="2" />
                <BranchPoint vc="3" uspid="54" ordinal="2" offset="26" sl="53" path="0" offsetend="28" fileid="2" />
                <BranchPoint vc="3" uspid="55" ordinal="3" offset="26" sl="53" path="1" offsetend="43" fileid="2" />
                <BranchPoint vc="3" uspid="56" ordinal="4" offset="48" sl="55" path="0" offsetend="50" fileid="2" />
                <BranchPoint vc="3" uspid="57" ordinal="5" offset="48" sl="55" path="1" offsetend="111" fileid="2" />
                <BranchPoint vc="2" uspid="58" ordinal="6" offset="61" sl="56" path="0" offsetend="63" fileid="2" />
                <BranchPoint vc="1" uspid="59" ordinal="7" offset="61" sl="56" path="1" offsetend="87" fileid="2" />
                <BranchPoint vc="2" uspid="60" ordinal="8" offset="124" sl="61" path="0" offsetend="126" fileid="2" />
                <BranchPoint vc="1" uspid="61" ordinal="9" offset="124" sl="61" path="1" offsetend="150" fileid="2" />
              </BranchPoints>
              <MethodPoint xsi:type="SequencePoint" vc="20" uspid="39" ordinal="0" offset="0" sl="50" sc="9" el="50" ec="10" bec="0" bev="0" fileid="2" />
            </Method>
            <Method visited="true" cyclomaticComplexity="8" nPathComplexity="128" sequenceCoverage="100" branchCoverage="100" crapScore="8" isConstructor="false" isStatic="false" isGetter="false" isSetter="false">
              <Summary numSequencePoints="13" visitedSequencePoints="13" numBranchPoints="15" visitedBranchPoints="15" sequenceCoverage="100" branchCoverage="100" maxCyclomaticComplexity="8" minCyclomaticComplexity="8" maxCrapScore="8" minCrapScore="8" visitedClasses="0" numClasses="0" visitedMethods="1" numMethods="1" />
              <MetadataToken>100663301</MetadataToken>
              <Name>System.Void ChequePorExtenso.ConsoleApp.Numero::nomenclaturaFinalReais()</Name>
              <FileRef uid="2" />
              <SequencePoints>
                <SequencePoint vc="18" uspid="62" ordinal="0" offset="0" sl="69" sc="9" el="69" ec="10" bec="0" bev="0" fileid="2" />
                <SequencePoint vc="18" uspid="63" ordinal="1" offset="1" sl="70" sc="13" el="70" ec="78" bec="4" bev="4" fileid="2" />
                <SequencePoint vc="2" uspid="64" ordinal="2" offset="25" sl="71" sc="17" el="71" ec="44" bec="2" bev="2" fileid="2" />
                <SequencePoint vc="1" uspid="65" ordinal="3" offset="35" sl="72" sc="21" el="72" ec="48" bec="0" bev="0" fileid="2" />
                <SequencePoint vc="1" uspid="66" ordinal="4" offset="59" sl="74" sc="21" el="74" ec="45" bec="0" bev="0" fileid="2" />
                <SequencePoint vc="16" uspid="67" ordinal="5" offset="86" sl="75" sc="18" el="75" ec="64" bec="4" bev="4" fileid="2" />
                <SequencePoint vc="2" uspid="68" ordinal="6" offset="115" sl="76" sc="17" el="76" ec="44" bec="2" bev="2" fileid="2" />
                <SequencePoint vc="1" uspid="69" ordinal="7" offset="125" sl="77" sc="21" el="77" ec="45" bec="0" bev="0" fileid="2" />
                <SequencePoint vc="1" uspid="70" ordinal="8" offset="149" sl="79" sc="21" el="79" ec="42" bec="0" bev="0" fileid="2" />
                <SequencePoint vc="14" uspid="71" ordinal="9" offset="173" sl="81" sc="17" el="81" ec="44" bec="2" bev="2" fileid="2" />
                <SequencePoint vc="2" uspid="72" ordinal="10" offset="185" sl="82" sc="21" el="82" ec="46" bec="0" bev="0" fileid="2" />
                <SequencePoint vc="12" uspid="73" ordinal="11" offset="209" sl="84" sc="21" el="84" ec="43" bec="0" bev="0" fileid="2" />
                <SequencePoint vc="18" uspid="74" ordinal="12" offset="231" sl="85" sc="9" el="85" ec="10" bec="0" bev="0" fileid="2" />
              </SequencePoints>
              <BranchPoints>
                <BranchPoint vc="2" uspid="75" ordinal="0" offset="7" sl="70" path="0" offsetend="9" fileid="2" />
                <BranchPoint vc="16" uspid="76" ordinal="1" offset="7" sl="70" path="1" offsetend="20" fileid="2" />
                <BranchPoint vc="2" uspid="77" ordinal="2" offset="23" sl="70" path="0" offsetend="25" fileid="2" />
                <BranchPoint vc="16" uspid="78" ordinal="3" offset="23" sl="70" path="1" offsetend="86" fileid="2" />
                <BranchPoint vc="1" uspid="79" ordinal="4" offset="33" sl="71" path="0" offsetend="35" fileid="2" />
                <BranchPoint vc="1" uspid="80" ordinal="5" offset="33" sl="71" path="1" offsetend="59" fileid="2" />
                <BranchPoint vc="4" uspid="81" ordinal="6" offset="93" sl="75" path="0" offsetend="95" fileid="2" />
                <BranchPoint vc="12" uspid="82" ordinal="7" offset="93" sl="75" path="1" offsetend="110" fileid="2" />
                <BranchPoint vc="2" uspid="83" ordinal="8" offset="113" sl="75" path="0" offsetend="115" fileid="2" />
                <BranchPoint vc="14" uspid="84" ordinal="9" offset="113" sl="75" path="1" offsetend="173" fileid="2" />
                <BranchPoint vc="1" uspid="85" ordinal="10" offset="123" sl="76" path="0" offsetend="125" fileid="2" />
                <BranchPoint vc="1" uspid="86" ordinal="11" offset="123" sl="76" path="1" offsetend="149" fileid="2" />
                <BranchPoint vc="2" uspid="87" ordinal="12" offset="183" sl="81" path="0" offsetend="185" fileid="2" />
                <BranchPoint vc="12" uspid="88" ordinal="13" offset="183" sl="81" path="1" offsetend="209" fileid="2" />
              </BranchPoints>
              <MethodPoint xsi:type="SequencePoint" vc="18" uspid="62" ordinal="0" offset="0" sl="69" sc="9" el="69" ec="10" bec="0" bev="0" fileid="2" />
            </Method>
            <Method visited="true" cyclomaticComplexity="1" nPathComplexity="0" sequenceCoverage="100" branchCoverage="100" crapScore="1" isConstructor="false" isStatic="false" isGetter="false" isSetter="false">
              <Summary numSequencePoints="4" visitedSequencePoints="4" numBranchPoints="1" visitedBranchPoints="1" sequenceCoverage="100" branchCoverage="100" maxCyclomaticComplexity="1" minCyclomaticComplexity="1" maxCrapScore="1" minCrapScore="1" visitedClasses="0" numClasses="0" visitedMethods="1" numMethods="1" />
              <MetadataToken>100663302</MetadataToken>
              <Name>System.String ChequePorExtenso.ConsoleApp.Numero::PrimeiraLetraMaiuscula()</Name>
              <FileRef uid="2" />
              <SequencePoints>
                <SequencePoint vc="20" uspid="89" ordinal="0" offset="0" sl="88" sc="9" el="88" ec="10" bec="0" bev="0" fileid="2" />
                <SequencePoint vc="20" uspid="90" ordinal="1" offset="1" sl="89" sc="13" el="89" ec="90" bec="0" bev="0" fileid="2" />
                <SequencePoint vc="20" uspid="91" ordinal="2" offset="44" sl="90" sc="13" el="90" ec="36" bec="0" bev="0" fileid="2" />
                <SequencePoint vc="20" uspid="92" ordinal="3" offset="48" sl="91" sc="9" el="91" ec="10" bec="0" bev="0" fileid="2" />
              </SequencePoints>
              <BranchPoints />
              <MethodPoint xsi:type="SequencePoint" vc="20" uspid="89" ordinal="0" offset="0" sl="88" sc="9" el="88" ec="10" bec="0" bev="0" fileid="2" />
            </Method>
            <Method visited="true" cyclomaticComplexity="3" nPathComplexity="4" sequenceCoverage="100" branchCoverage="100" crapScore="3" isConstructor="false" isStatic="false" isGetter="false" isSetter="false">
              <Summary numSequencePoints="5" visitedSequencePoints="5" numBranchPoints="5" visitedBranchPoints="5" sequenceCoverage="100" branchCoverage="100" maxCyclomaticComplexity="3" minCyclomaticComplexity="3" maxCrapScore="3" minCrapScore="3" visitedClasses="0" numClasses="0" visitedMethods="1" numMethods="1" />
              <MetadataToken>100663303</MetadataToken>
              <Name>System.Boolean ChequePorExtenso.ConsoleApp.Numero::verificarCentavoNulo()</Name>
              <FileRef uid="2" />
              <SequencePoints>
                <SequencePoint vc="38" uspid="93" ordinal="0" offset="0" sl="94" sc="9" el="94" ec="10" bec="0" bev="0" fileid="2" />
                <SequencePoint vc="38" uspid="94" ordinal="1" offset="1" sl="95" sc="13" el="95" ec="58" bec="4" bev="4" fileid="2" />
                <SequencePoint vc="10" uspid="95" ordinal="2" offset="37" sl="96" sc="17" el="96" ec="29" bec="0" bev="0" fileid="2" />
                <SequencePoint vc="28" uspid="96" ordinal="3" offset="41" sl="98" sc="17" el="98" ec="30" bec="0" bev="0" fileid="2" />
                <SequencePoint vc="38" uspid="97" ordinal="4" offset="45" sl="99" sc="9" el="99" ec="10" bec="0" bev="0" fileid="2" />
              </SequencePoints>
              <BranchPoints>
                <BranchPoint vc="34" uspid="98" ordinal="0" offset="12" sl="95" path="0" offsetend="14" fileid="2" />
                <BranchPoint vc="4" uspid="99" ordinal="1" offset="12" sl="95" path="1" offsetend="32" fileid="2" />
                <BranchPoint vc="10" uspid="100" ordinal="2" offset="35" sl="95" path="0" offsetend="37" fileid="2" />
                <BranchPoint vc="28" uspid="101" ordinal="3" offset="35" sl="95" path="1" offsetend="41" fileid="2" />
              </BranchPoints>
              <MethodPoint xsi:type="SequencePoint" vc="38" uspid="93" ordinal="0" offset="0" sl="94" sc="9" el="94" ec="10" bec="0" bev="0" fileid="2" />
            </Method>
            <Method visited="true" cyclomaticComplexity="13" nPathComplexity="4096" sequenceCoverage="100" branchCoverage="92" crapScore="13" isConstructor="false" isStatic="false" isGetter="false" isSetter="false">
              <Summary numSequencePoints="16" visitedSequencePoints="16" numBranchPoints="25" visitedBranchPoints="23" sequenceCoverage="100" branchCoverage="92" maxCyclomaticComplexity="13" minCyclomaticComplexity="13" maxCrapScore="13" minCrapScore="13" visitedClasses="0" numClasses="0" visitedMethods="1" numMethods="1" />
              <MetadataToken>100663304</MetadataToken>
              <Name>System.Void ChequePorExtenso.ConsoleApp.Numero::VerificarNomenclarturaDoValor(System.Int32)</Name>
              <FileRef uid="2" />
              <SequencePoints>
                <SequencePoint vc="80" uspid="102" ordinal="0" offset="0" sl="102" sc="9" el="102" ec="10" bec="0" bev="0" fileid="2" />
                <SequencePoint vc="80" uspid="103" ordinal="1" offset="1" sl="103" sc="13" el="103" ec="52" bec="4" bev="4" fileid="2" />
                <SequencePoint vc="3" uspid="104" ordinal="2" offset="21" sl="104" sc="13" el="104" ec="14" bec="0" bev="0" fileid="2" />
                <SequencePoint vc="3" uspid="105" ordinal="3" offset="22" sl="105" sc="17" el="105" ec="81" bec="5" bev="4" fileid="2" />
                <SequencePoint vc="1" uspid="106" ordinal="4" offset="65" sl="106" sc="21" el="106" ec="45" bec="0" bev="0" fileid="2" />
                <SequencePoint vc="2" uspid="107" ordinal="5" offset="89" sl="108" sc="21" el="108" ec="46" bec="0" bev="0" fileid="2" />
                <SequencePoint vc="3" uspid="108" ordinal="6" offset="111" sl="109" sc="13" el="109" ec="14" bec="0" bev="0" fileid="2" />
                <SequencePoint vc="77" uspid="109" ordinal="7" offset="117" sl="110" sc="18" el="110" ec="57" bec="4" bev="4" fileid="2" />
                <SequencePoint vc="5" uspid="110" ordinal="8" offset="138" sl="111" sc="13" el="111" ec="14" bec="0" bev="0" fileid="2" />
                <SequencePoint vc="5" uspid="111" ordinal="9" offset="139" sl="112" sc="17" el="112" ec="81" bec="5" bev="5" fileid="2" />
                <SequencePoint vc="1" uspid="112" ordinal="10" offset="182" sl="113" sc="21" el="113" ec="45" bec="0" bev="0" fileid="2" />
                <SequencePoint vc="4" uspid="113" ordinal="11" offset="206" sl="115" sc="21" el="115" ec="46" bec="0" bev="0" fileid="2" />
                <SequencePoint vc="5" uspid="114" ordinal="12" offset="228" sl="116" sc="13" el="116" ec="14" bec="0" bev="0" fileid="2" />
                <SequencePoint vc="72" uspid="115" ordinal="13" offset="231" sl="117" sc="18" el="117" ec="57" bec="4" bev="4" fileid="2" />
                <SequencePoint vc="9" uspid="116" ordinal="14" offset="254" sl="118" sc="17" el="118" ec="38" bec="0" bev="0" fileid="2" />
                <SequencePoint vc="80" uspid="117" ordinal="15" offset="276" sl="120" sc="9" el="120" ec="10" bec="0" bev="0" fileid="2" />
              </SequencePoints>
              <BranchPoints>
                <BranchPoint vc="20" uspid="118" ordinal="0" offset="2" sl="103" path="0" offsetend="4" fileid="2" />
                <BranchPoint vc="60" uspid="119" ordinal="1" offset="2" sl="103" path="1" offsetend="16" fileid="2" />
                <BranchPoint vc="3" uspid="120" ordinal="2" offset="19" sl="103" path="0" offsetend="21" fileid="2" />
                <BranchPoint vc="77" uspid="121" ordinal="3" offset="19" sl="103" path="1" offsetend="117" fileid="2" />
                <BranchPoint vc="3" uspid="122" ordinal="4" offset="32" sl="105" path="0" offsetend="34" fileid="2" />
                <BranchPoint vc="0" uspid="123" ordinal="5" offset="32" sl="105" path="1" offsetend="60" fileid="2" />
                <BranchPoint vc="3" uspid="124" ordinal="6" offset="44" sl="105" path="0" offsetend="46" fileid="2" />
                <BranchPoint vc="0" uspid="125" ordinal="7" offset="44" sl="105" path="1" offsetend="60" fileid="2" />
                <BranchPoint vc="1" uspid="126" ordinal="8" offset="63" sl="105" path="0" offsetend="65" fileid="2" />
                <BranchPoint vc="2" uspid="127" ordinal="9" offset="63" sl="105" path="1" offsetend="89" fileid="2" />
                <BranchPoint vc="20" uspid="128" ordinal="10" offset="119" sl="110" path="0" offsetend="121" fileid="2" />
                <BranchPoint vc="57" uspid="129" ordinal="11" offset="119" sl="110" path="1" offsetend="133" fileid="2" />
                <BranchPoint vc="5" uspid="130" ordinal="12" offset="136" sl="110" path="0" offsetend="138" fileid="2" />
                <BranchPoint vc="72" uspid="131" ordinal="13" offset="136" sl="110" path="1" offsetend="231" fileid="2" />
                <BranchPoint vc="3" uspid="132" ordinal="14" offset="149" sl="112" path="0" offsetend="151" fileid="2" />
                <BranchPoint vc="2" uspid="133" ordinal="15" offset="149" sl="112" path="1" offsetend="177" fileid="2" />
                <BranchPoint vc="2" uspid="134" ordinal="16" offset="161" sl="112" path="0" offsetend="163" fileid="2" />
                <BranchPoint vc="3" uspid="135" ordinal="17" offset="161" sl="112" path="1" offsetend="177" fileid="2" />
                <BranchPoint vc="1" uspid="136" ordinal="18" offset="180" sl="112" path="0" offsetend="182" fileid="2" />
                <BranchPoint vc="4" uspid="137" ordinal="19" offset="180" sl="112" path="1" offsetend="206" fileid="2" />
                <BranchPoint vc="20" uspid="138" ordinal="20" offset="233" sl="117" path="0" offsetend="235" fileid="2" />
                <BranchPoint vc="52" uspid="139" ordinal="21" offset="233" sl="117" path="1" offsetend="247" fileid="2" />
                <BranchPoint vc="9" uspid="140" ordinal="22" offset="252" sl="117" path="0" offsetend="254" fileid="2" />
                <BranchPoint vc="63" uspid="141" ordinal="23" offset="252" sl="117" path="1" offsetend="276" fileid="2" />
              </BranchPoints>
              <MethodPoint xsi:type="SequencePoint" vc="80" uspid="102" ordinal="0" offset="0" sl="102" sc="9" el="102" ec="10" bec="0" bev="0" fileid="2" />
            </Method>
            <Method visited="true" cyclomaticComplexity="3" nPathComplexity="4" sequenceCoverage="100" branchCoverage="100" crapScore="3" isConstructor="false" isStatic="false" isGetter="false" isSetter="false">
              <Summary numSequencePoints="11" visitedSequencePoints="11" numBranchPoints="5" visitedBranchPoints="5" sequenceCoverage="100" branchCoverage="100" maxCyclomaticComplexity="3" minCyclomaticComplexity="3" maxCrapScore="3" minCrapScore="3" visitedClasses="0" numClasses="0" visitedMethods="1" numMethods="1" />
              <MetadataToken>100663305</MetadataToken>
              <Name>System.Int32 ChequePorExtenso.ConsoleApp.Numero::VerificarNumeros(System.Int32)</Name>
              <FileRef uid="2" />
              <SequencePoints>
                <SequencePoint vc="60" uspid="142" ordinal="0" offset="0" sl="123" sc="9" el="123" ec="10" bec="0" bev="0" fileid="2" />
                <SequencePoint vc="60" uspid="143" ordinal="1" offset="1" sl="124" sc="13" el="124" ec="26" bec="0" bev="0" fileid="2" />
                <SequencePoint vc="60" uspid="144" ordinal="2" offset="3" sl="125" sc="18" el="125" ec="37" bec="0" bev="0" fileid="2" />
                <SequencePoint vc="180" uspid="145" ordinal="3" offset="7" sl="126" sc="13" el="126" ec="14" bec="0" bev="0" fileid="2" />
                <SequencePoint vc="180" uspid="146" ordinal="4" offset="8" sl="127" sc="17" el="127" ec="39" bec="2" bev="2" fileid="2" />
                <SequencePoint vc="36" uspid="147" ordinal="5" offset="27" sl="128" sc="21" el="128" ec="28" bec="0" bev="0" fileid="2" />
                <SequencePoint vc="180" uspid="148" ordinal="6" offset="31" sl="129" sc="13" el="129" ec="14" bec="0" bev="0" fileid="2" />
                <SequencePoint vc="180" uspid="149" ordinal="7" offset="32" sl="125" sc="56" el="125" ec="59" bec="0" bev="0" fileid="2" />
                <SequencePoint vc="240" uspid="150" ordinal="8" offset="36" sl="125" sc="39" el="125" ec="54" bec="2" bev="2" fileid="2" />
                <SequencePoint vc="60" uspid="151" ordinal="9" offset="46" sl="130" sc="13" el="130" ec="25" bec="0" bev="0" fileid="2" />
                <SequencePoint vc="60" uspid="152" ordinal="10" offset="51" sl="131" sc="9" el="131" ec="10" bec="0" bev="0" fileid="2" />
              </SequencePoints>
              <BranchPoints>
                <BranchPoint vc="36" uspid="153" ordinal="0" offset="25" sl="127" path="0" offsetend="27" fileid="2" />
                <BranchPoint vc="144" uspid="154" ordinal="1" offset="25" sl="127" path="1" offsetend="31" fileid="2" />
                <BranchPoint vc="60" uspid="155" ordinal="2" offset="44" sl="125" path="0" offsetend="46" fileid="2" />
                <BranchPoint vc="180" uspid="156" ordinal="3" offset="44" sl="125" path="1" offsetend="7" fileid="2" />
              </BranchPoints>
              <MethodPoint xsi:type="SequencePoint" vc="60" uspid="142" ordinal="0" offset="0" sl="123" sc="9" el="123" ec="10" bec="0" bev="0" fileid="2" />
            </Method>
            <Method visited="true" cyclomaticComplexity="3" nPathComplexity="4" sequenceCoverage="100" branchCoverage="100" crapScore="3" isConstructor="false" isStatic="false" isGetter="false" isSetter="false">
              <Summary numSequencePoints="11" visitedSequencePoints="11" numBranchPoints="5" visitedBranchPoints="5" sequenceCoverage="100" branchCoverage="100" maxCyclomaticComplexity="3" minCyclomaticComplexity="3" maxCrapScore="3" minCrapScore="3" visitedClasses="0" numClasses="0" visitedMethods="1" numMethods="1" />
              <MetadataToken>100663306</MetadataToken>
              <Name>System.Int32 ChequePorExtenso.ConsoleApp.Numero::totalNumerosPreMilhao()</Name>
              <FileRef uid="2" />
              <SequencePoints>
                <SequencePoint vc="2" uspid="157" ordinal="0" offset="0" sl="134" sc="9" el="134" ec="10" bec="0" bev="0" fileid="2" />
                <SequencePoint vc="2" uspid="158" ordinal="1" offset="1" sl="135" sc="13" el="135" ec="26" bec="0" bev="0" fileid="2" />
                <SequencePoint vc="2" uspid="159" ordinal="2" offset="3" sl="136" sc="18" el="136" ec="27" bec="0" bev="0" fileid="2" />
                <SequencePoint vc="12" uspid="160" ordinal="3" offset="7" sl="137" sc="13" el="137" ec="14" bec="0" bev="0" fileid="2" />
                <SequencePoint vc="12" uspid="161" ordinal="4" offset="8" sl="138" sc="17" el="138" ec="39" bec="2" bev="2" fileid="2" />
                <SequencePoint vc="2" uspid="162" ordinal="5" offset="27" sl="139" sc="21" el="139" ec="28" bec="0" bev="0" fileid="2" />
                <SequencePoint vc="12" uspid="163" ordinal="6" offset="31" sl="140" sc="13" el="140" ec="14" bec="0" bev="0" fileid="2" />
                <SequencePoint vc="12" uspid="164" ordinal="7" offset="32" sl="136" sc="36" el="136" ec="39" bec="0" bev="0" fileid="2" />
                <SequencePoint vc="14" uspid="165" ordinal="8" offset="36" sl="136" sc="29" el="136" ec="34" bec="2" bev="2" fileid="2" />
                <SequencePoint vc="2" uspid="166" ordinal="9" offset="44" sl="141" sc="13" el="141" ec="25" bec="0" bev="0" fileid="2" />
                <SequencePoint vc="2" uspid="167" ordinal="10" offset="49" sl="142" sc="9" el="142" ec="10" bec="0" bev="0" fileid="2" />
              </SequencePoints>
              <BranchPoints>
                <BranchPoint vc="2" uspid="168" ordinal="0" offset="25" sl="138" path="0" offsetend="27" fileid="2" />
                <BranchPoint vc="10" uspid="169" ordinal="1" offset="25" sl="138" path="1" offsetend="31" fileid="2" />
                <BranchPoint vc="2" uspid="170" ordinal="2" offset="42" sl="136" path="0" offsetend="44" fileid="2" />
                <BranchPoint vc="12" uspid="171" ordinal="3" offset="42" sl="136" path="1" offsetend="7" fileid="2" />
              </BranchPoints>
              <MethodPoint xsi:type="SequencePoint" vc="2" uspid="157" ordinal="0" offset="0" sl="134" sc="9" el="134" ec="10" bec="0" bev="0" fileid="2" />
            </Method>
            <Method visited="true" cyclomaticComplexity="3" nPathComplexity="4" sequenceCoverage="100" branchCoverage="100" crapScore="3" isConstructor="false" isStatic="false" isGetter="false" isSetter="false">
              <Summary numSequencePoints="11" visitedSequencePoints="11" numBranchPoints="5" visitedBranchPoints="5" sequenceCoverage="100" branchCoverage="100" maxCyclomaticComplexity="3" minCyclomaticComplexity="3" maxCrapScore="3" minCrapScore="3" visitedClasses="0" numClasses="0" visitedMethods="1" numMethods="1" />
              <MetadataToken>100663307</MetadataToken>
              <Name>System.Int32 ChequePorExtenso.ConsoleApp.Numero::totalNumerosPosMilhao()</Name>
              <FileRef uid="2" />
              <SequencePoints>
                <SequencePoint vc="18" uspid="172" ordinal="0" offset="0" sl="146" sc="9" el="146" ec="10" bec="0" bev="0" fileid="2" />
                <SequencePoint vc="18" uspid="173" ordinal="1" offset="1" sl="147" sc="13" el="147" ec="26" bec="0" bev="0" fileid="2" />
                <SequencePoint vc="18" uspid="174" ordinal="2" offset="3" sl="148" sc="18" el="148" ec="27" bec="0" bev="0" fileid="2" />
                <SequencePoint vc="108" uspid="175" ordinal="3" offset="7" sl="149" sc="13" el="149" ec="14" bec="0" bev="0" fileid="2" />
                <SequencePoint vc="108" uspid="176" ordinal="4" offset="8" sl="150" sc="17" el="150" ec="39" bec="2" bev="2" fileid="2" />
                <SequencePoint vc="59" uspid="177" ordinal="5" offset="27" sl="151" sc="21" el="151" ec="28" bec="0" bev="0" fileid="2" />
                <SequencePoint vc="108" uspid="178" ordinal="6" offset="31" sl="152" sc="13" el="152" ec="14" bec="0" bev="0" fileid="2" />
                <SequencePoint vc="108" uspid="179" ordinal="7" offset="32" sl="148" sc="37" el="148" ec="40" bec="0" bev="0" fileid="2" />
                <SequencePoint vc="126" uspid="180" ordinal="8" offset="36" sl="148" sc="29" el="148" ec="35" bec="2" bev="2" fileid="2" />
                <SequencePoint vc="18" uspid="181" ordinal="9" offset="45" sl="153" sc="13" el="153" ec="25" bec="0" bev="0" fileid="2" />
                <SequencePoint vc="18" uspid="182" ordinal="10" offset="50" sl="154" sc="9" el="154" ec="10" bec="0" bev="0" fileid="2" />
              </SequencePoints>
              <BranchPoints>
                <BranchPoint vc="59" uspid="183" ordinal="0" offset="25" sl="150" path="0" offsetend="27" fileid="2" />
                <BranchPoint vc="49" uspid="184" ordinal="1" offset="25" sl="150" path="1" offsetend="31" fileid="2" />
                <BranchPoint vc="18" uspid="185" ordinal="2" offset="43" sl="148" path="0" offsetend="45" fileid="2" />
                <BranchPoint vc="108" uspid="186" ordinal="3" offset="43" sl="148" path="1" offsetend="7" fileid="2" />
              </BranchPoints>
              <MethodPoint xsi:type="SequencePoint" vc="18" uspid="172" ordinal="0" offset="0" sl="146" sc="9" el="146" ec="10" bec="0" bev="0" fileid="2" />
            </Method>
            <Method visited="true" cyclomaticComplexity="3" nPathComplexity="4" sequenceCoverage="100" branchCoverage="100" crapScore="3" isConstructor="false" isStatic="false" isGetter="false" isSetter="false">
              <Summary numSequencePoints="11" visitedSequencePoints="11" numBranchPoints="5" visitedBranchPoints="5" sequenceCoverage="100" branchCoverage="100" maxCyclomaticComplexity="3" minCyclomaticComplexity="3" maxCrapScore="3" minCrapScore="3" visitedClasses="0" numClasses="0" visitedMethods="1" numMethods="1" />
              <MetadataToken>100663308</MetadataToken>
              <Name>System.Int32 ChequePorExtenso.ConsoleApp.Numero::totalNumeros()</Name>
              <FileRef uid="2" />
              <SequencePoints>
                <SequencePoint vc="42" uspid="187" ordinal="0" offset="0" sl="157" sc="9" el="157" ec="10" bec="0" bev="0" fileid="2" />
                <SequencePoint vc="42" uspid="188" ordinal="1" offset="1" sl="158" sc="13" el="158" ec="26" bec="0" bev="0" fileid="2" />
                <SequencePoint vc="42" uspid="189" ordinal="2" offset="3" sl="159" sc="18" el="159" ec="27" bec="0" bev="0" fileid="2" />
                <SequencePoint vc="504" uspid="190" ordinal="3" offset="7" sl="160" sc="13" el="160" ec="14" bec="0" bev="0" fileid="2" />
                <SequencePoint vc="504" uspid="191" ordinal="4" offset="8" sl="161" sc="17" el="161" ec="39" bec="2" bev="2" fileid="2" />
                <SequencePoint vc="150" uspid="192" ordinal="5" offset="27" sl="162" sc="21" el="162" ec="28" bec="0" bev="0" fileid="2" />
                <SequencePoint vc="504" uspid="193" ordinal="6" offset="31" sl="163" sc="13" el="163" ec="14" bec="0" bev="0" fileid="2" />
                <SequencePoint vc="504" uspid="194" ordinal="7" offset="32" sl="159" sc="37" el="159" ec="40" bec="0" bev="0" fileid="2" />
                <SequencePoint vc="546" uspid="195" ordinal="8" offset="36" sl="159" sc="29" el="159" ec="35" bec="2" bev="2" fileid="2" />
                <SequencePoint vc="42" uspid="196" ordinal="9" offset="45" sl="164" sc="13" el="164" ec="25" bec="0" bev="0" fileid="2" />
                <SequencePoint vc="42" uspid="197" ordinal="10" offset="50" sl="165" sc="9" el="165" ec="10" bec="0" bev="0" fileid="2" />
              </SequencePoints>
              <BranchPoints>
                <BranchPoint vc="150" uspid="198" ordinal="0" offset="25" sl="161" path="0" offsetend="27" fileid="2" />
                <BranchPoint vc="354" uspid="199" ordinal="1" offset="25" sl="161" path="1" offsetend="31" fileid="2" />
                <BranchPoint vc="42" uspid="200" ordinal="2" offset="43" sl="159" path="0" offsetend="45" fileid="2" />
                <BranchPoint vc="504" uspid="201" ordinal="3" offset="43" sl="159" path="1" offsetend="7" fileid="2" />
              </BranchPoints>
              <MethodPoint xsi:type="SequencePoint" vc="42" uspid="187" ordinal="0" offset="0" sl="157" sc="9" el="157" ec="10" bec="0" bev="0" fileid="2" />
            </Method>
            <Method visited="true" cyclomaticComplexity="1" nPathComplexity="0" sequenceCoverage="100" branchCoverage="100" crapScore="1" isConstructor="false" isStatic="false" isGetter="false" isSetter="false">
              <Summary numSequencePoints="5" visitedSequencePoints="5" numBranchPoints="1" visitedBranchPoints="1" sequenceCoverage="100" branchCoverage="100" maxCyclomaticComplexity="1" minCyclomaticComplexity="1" maxCrapScore="1" minCrapScore="1" visitedClasses="0" numClasses="0" visitedMethods="1" numMethods="1" />
              <MetadataToken>100663309</MetadataToken>
              <Name>System.String ChequePorExtenso.ConsoleApp.Numero::TirarPontosVirgulas(System.String)</Name>
              <FileRef uid="2" />
              <SequencePoints>
                <SequencePoint vc="20" uspid="202" ordinal="0" offset="0" sl="168" sc="9" el="168" ec="10" bec="0" bev="0" fileid="2" />
                <SequencePoint vc="20" uspid="203" ordinal="1" offset="1" sl="169" sc="13" el="169" ec="51" bec="0" bev="0" fileid="2" />
                <SequencePoint vc="20" uspid="204" ordinal="2" offset="18" sl="170" sc="13" el="170" ec="50" bec="0" bev="0" fileid="2" />
                <SequencePoint vc="20" uspid="205" ordinal="3" offset="35" sl="171" sc="13" el="171" ec="26" bec="0" bev="0" fileid="2" />
                <SequencePoint vc="20" uspid="206" ordinal="4" offset="39" sl="172" sc="9" el="172" ec="10" bec="0" bev="0" fileid="2" />
              </SequencePoints>
              <BranchPoints />
              <MethodPoint xsi:type="SequencePoint" vc="20" uspid="202" ordinal="0" offset="0" sl="168" sc="9" el="168" ec="10" bec="0" bev="0" fileid="2" />
            </Method>
            <Method visited="true" cyclomaticComplexity="1" nPathComplexity="0" sequenceCoverage="100" branchCoverage="100" crapScore="1" isConstructor="false" isStatic="false" isGetter="false" isSetter="false">
              <Summary numSequencePoints="5" visitedSequencePoints="5" numBranchPoints="1" visitedBranchPoints="1" sequenceCoverage="100" branchCoverage="100" maxCyclomaticComplexity="1" minCyclomaticComplexity="1" maxCrapScore="1" minCrapScore="1" visitedClasses="0" numClasses="0" visitedMethods="1" numMethods="1" />
              <MetadataToken>100663310</MetadataToken>
              <Name>System.String ChequePorExtenso.ConsoleApp.Numero::ArrumarFormato(System.String)</Name>
              <FileRef uid="2" />
              <SequencePoints>
                <SequencePoint vc="20" uspid="207" ordinal="0" offset="0" sl="175" sc="9" el="175" ec="10" bec="0" bev="0" fileid="2" />
                <SequencePoint vc="20" uspid="208" ordinal="1" offset="1" sl="176" sc="13" el="176" ec="62" bec="0" bev="0" fileid="2" />
                <SequencePoint vc="20" uspid="209" ordinal="2" offset="8" sl="177" sc="13" el="177" ec="69" bec="0" bev="0" fileid="2" />
                <SequencePoint vc="20" uspid="210" ordinal="3" offset="21" sl="178" sc="13" el="178" ec="50" bec="0" bev="0" fileid="2" />
                <SequencePoint vc="20" uspid="211" ordinal="4" offset="31" sl="179" sc="9" el="179" ec="10" bec="0" bev="0" fileid="2" />
              </SequencePoints>
              <BranchPoints />
              <MethodPoint xsi:type="SequencePoint" vc="20" uspid="207" ordinal="0" offset="0" sl="175" sc="9" el="175" ec="10" bec="0" bev="0" fileid="2" />
            </Method>
            <Method visited="true" cyclomaticComplexity="85" nPathComplexity="2147483647" sequenceCoverage="77.91" branchCoverage="64.12" crapScore="162.88" isConstructor="false" isStatic="false" isGetter="false" isSetter="false">
              <Summary numSequencePoints="86" visitedSequencePoints="67" numBranchPoints="131" visitedBranchPoints="84" sequenceCoverage="77.91" branchCoverage="64.12" maxCyclomaticComplexity="85" minCyclomaticComplexity="85" maxCrapScore="162.88" minCrapScore="162.88" visitedClasses="0" numClasses="0" visitedMethods="1" numMethods="1" />
              <MetadataToken>100663311</MetadataToken>
              <Name>System.Void ChequePorExtenso.ConsoleApp.Numero::VerificarNumeros(System.Double,System.Double,System.Double,System.Int32)</Name>
              <FileRef uid="2" />
              <SequencePoints>
                <SequencePoint vc="100" uspid="212" ordinal="0" offset="0" sl="182" sc="9" el="182" ec="10" bec="0" bev="0" fileid="2" />
                <SequencePoint vc="100" uspid="213" ordinal="1" offset="1" sl="183" sc="13" el="183" ec="53" bec="5" bev="5" fileid="2" />
                <SequencePoint vc="1" uspid="214" ordinal="2" offset="44" sl="183" sc="54" el="183" ec="72" bec="0" bev="0" fileid="2" />
                <SequencePoint vc="100" uspid="215" ordinal="3" offset="66" sl="184" sc="13" el="184" ec="27" bec="2" bev="1" fileid="2" />
                <SequencePoint vc="0" uspid="216" ordinal="4" offset="82" sl="184" sc="28" el="184" ec="78" bec="2" bev="0" fileid="2" />
                <SequencePoint vc="100" uspid="217" ordinal="5" offset="130" sl="185" sc="18" el="185" ec="32" bec="2" bev="1" fileid="2" />
                <SequencePoint vc="0" uspid="218" ordinal="6" offset="146" sl="185" sc="33" el="185" ec="58" bec="0" bev="0" fileid="2" />
                <SequencePoint vc="100" uspid="219" ordinal="7" offset="173" sl="186" sc="18" el="186" ec="32" bec="2" bev="1" fileid="2" />
                <SequencePoint vc="0" uspid="220" ordinal="8" offset="189" sl="186" sc="33" el="186" ec="58" bec="0" bev="0" fileid="2" />
                <SequencePoint vc="100" uspid="221" ordinal="9" offset="216" sl="187" sc="18" el="187" ec="32" bec="2" bev="2" fileid="2" />
                <SequencePoint vc="3" uspid="222" ordinal="10" offset="234" sl="187" sc="33" el="187" ec="61" bec="0" bev="0" fileid="2" />
                <SequencePoint vc="97" uspid="223" ordinal="11" offset="261" sl="188" sc="18" el="188" ec="32" bec="2" bev="1" fileid="2" />
                <SequencePoint vc="0" uspid="224" ordinal="12" offset="279" sl="188" sc="33" el="188" ec="59" bec="0" bev="0" fileid="2" />
                <SequencePoint vc="97" uspid="225" ordinal="13" offset="306" sl="189" sc="18" el="189" ec="32" bec="2" bev="2" fileid="2" />
                <SequencePoint vc="8" uspid="226" ordinal="14" offset="324" sl="189" sc="33" el="189" ec="59" bec="0" bev="0" fileid="2" />
                <SequencePoint vc="89" uspid="227" ordinal="15" offset="348" sl="190" sc="18" el="190" ec="32" bec="2" bev="2" fileid="2" />
                <SequencePoint vc="1" uspid="228" ordinal="16" offset="366" sl="190" sc="33" el="190" ec="59" bec="0" bev="0" fileid="2" />
                <SequencePoint vc="88" uspid="229" ordinal="17" offset="390" sl="191" sc="18" el="191" ec="32" bec="2" bev="2" fileid="2" />
                <SequencePoint vc="1" uspid="230" ordinal="18" offset="408" sl="191" sc="33" el="191" ec="59" bec="0" bev="0" fileid="2" />
                <SequencePoint vc="87" uspid="231" ordinal="19" offset="432" sl="192" sc="18" el="192" ec="32" bec="2" bev="2" fileid="2" />
                <SequencePoint vc="5" uspid="232" ordinal="20" offset="450" sl="192" sc="33" el="192" ec="59" bec="0" bev="0" fileid="2" />
                <SequencePoint vc="100" uspid="233" ordinal="21" offset="472" sl="194" sc="13" el="194" ec="27" bec="2" bev="2" fileid="2" />
                <SequencePoint vc="4" uspid="234" ordinal="22" offset="493" sl="195" sc="13" el="195" ec="14" bec="0" bev="0" fileid="2" />
                <SequencePoint vc="4" uspid="235" ordinal="23" offset="494" sl="196" sc="17" el="196" ec="31" bec="2" bev="1" fileid="2" />
                <SequencePoint vc="0" uspid="236" ordinal="24" offset="512" sl="196" sc="32" el="196" ec="89" bec="2" bev="0" fileid="2" />
                <SequencePoint vc="4" uspid="237" ordinal="25" offset="563" sl="197" sc="22" el="197" ec="36" bec="2" bev="1" fileid="2" />
                <SequencePoint vc="0" uspid="238" ordinal="26" offset="581" sl="197" sc="37" el="197" ec="95" bec="2" bev="0" fileid="2" />
                <SequencePoint vc="4" uspid="239" ordinal="27" offset="632" sl="198" sc="22" el="198" ec="36" bec="2" bev="1" fileid="2" />
                <SequencePoint vc="0" uspid="240" ordinal="28" offset="650" sl="198" sc="37" el="198" ec="95" bec="2" bev="0" fileid="2" />
                <SequencePoint vc="4" uspid="241" ordinal="29" offset="701" sl="199" sc="22" el="199" ec="36" bec="2" bev="1" fileid="2" />
                <SequencePoint vc="0" uspid="242" ordinal="30" offset="719" sl="199" sc="37" el="199" ec="96" bec="2" bev="0" fileid="2" />
                <SequencePoint vc="4" uspid="243" ordinal="31" offset="770" sl="200" sc="22" el="200" ec="36" bec="2" bev="1" fileid="2" />
                <SequencePoint vc="0" uspid="244" ordinal="32" offset="788" sl="200" sc="37" el="200" ec="99" bec="2" bev="0" fileid="2" />
                <SequencePoint vc="4" uspid="245" ordinal="33" offset="839" sl="201" sc="22" el="201" ec="36" bec="2" bev="2" fileid="2" />
                <SequencePoint vc="2" uspid="246" ordinal="34" offset="857" sl="201" sc="37" el="201" ec="97" bec="2" bev="2" fileid="2" />
                <SequencePoint vc="2" uspid="247" ordinal="35" offset="908" sl="202" sc="22" el="202" ec="36" bec="2" bev="2" fileid="2" />
                <SequencePoint vc="1" uspid="248" ordinal="36" offset="926" sl="202" sc="37" el="202" ec="100" bec="2" bev="1" fileid="2" />
                <SequencePoint vc="1" uspid="249" ordinal="37" offset="977" sl="203" sc="22" el="203" ec="36" bec="2" bev="1" fileid="2" />
                <SequencePoint vc="0" uspid="250" ordinal="38" offset="995" sl="203" sc="37" el="203" ec="100" bec="2" bev="0" fileid="2" />
                <SequencePoint vc="1" uspid="251" ordinal="39" offset="1046" sl="204" sc="22" el="204" ec="36" bec="2" bev="1" fileid="2" />
                <SequencePoint vc="0" uspid="252" ordinal="40" offset="1064" sl="204" sc="37" el="204" ec="98" bec="2" bev="0" fileid="2" />
                <SequencePoint vc="1" uspid="253" ordinal="41" offset="1112" sl="205" sc="22" el="205" ec="36" bec="2" bev="1" fileid="2" />
                <SequencePoint vc="1" uspid="254" ordinal="42" offset="1130" sl="205" sc="37" el="205" ec="99" bec="2" bev="1" fileid="2" />
                <SequencePoint vc="4" uspid="255" ordinal="43" offset="1176" sl="206" sc="13" el="206" ec="14" bec="0" bev="0" fileid="2" />
                <SequencePoint vc="96" uspid="256" ordinal="44" offset="1182" sl="207" sc="18" el="207" ec="32" bec="2" bev="2" fileid="2" />
                <SequencePoint vc="4" uspid="257" ordinal="45" offset="1200" sl="207" sc="33" el="207" ec="92" bec="2" bev="2" fileid="2" />
                <SequencePoint vc="92" uspid="258" ordinal="46" offset="1251" sl="208" sc="18" el="208" ec="32" bec="2" bev="2" fileid="2" />
                <SequencePoint vc="9" uspid="259" ordinal="47" offset="1269" sl="208" sc="33" el="208" ec="93" bec="2" bev="2" fileid="2" />
                <SequencePoint vc="83" uspid="260" ordinal="48" offset="1320" sl="209" sc="18" el="209" ec="32" bec="2" bev="1" fileid="2" />
                <SequencePoint vc="0" uspid="261" ordinal="49" offset="1338" sl="209" sc="33" el="209" ec="95" bec="2" bev="0" fileid="2" />
                <SequencePoint vc="83" uspid="262" ordinal="50" offset="1389" sl="210" sc="18" el="210" ec="32" bec="2" bev="2" fileid="2" />
                <SequencePoint vc="1" uspid="263" ordinal="51" offset="1407" sl="210" sc="33" el="210" ec="96" bec="2" bev="1" fileid="2" />
                <SequencePoint vc="82" uspid="264" ordinal="52" offset="1458" sl="211" sc="18" el="211" ec="32" bec="2" bev="2" fileid="2" />
                <SequencePoint vc="6" uspid="265" ordinal="53" offset="1476" sl="211" sc="33" el="211" ec="95" bec="2" bev="2" fileid="2" />
                <SequencePoint vc="76" uspid="266" ordinal="54" offset="1527" sl="212" sc="18" el="212" ec="32" bec="2" bev="1" fileid="2" />
                <SequencePoint vc="0" uspid="267" ordinal="55" offset="1545" sl="212" sc="33" el="212" ec="94" bec="2" bev="0" fileid="2" />
                <SequencePoint vc="76" uspid="268" ordinal="56" offset="1596" sl="213" sc="18" el="213" ec="32" bec="2" bev="1" fileid="2" />
                <SequencePoint vc="0" uspid="269" ordinal="57" offset="1614" sl="213" sc="33" el="213" ec="94" bec="2" bev="0" fileid="2" />
                <SequencePoint vc="76" uspid="270" ordinal="58" offset="1662" sl="214" sc="18" el="214" ec="32" bec="2" bev="1" fileid="2" />
                <SequencePoint vc="0" uspid="271" ordinal="59" offset="1680" sl="214" sc="33" el="214" ec="94" bec="2" bev="0" fileid="2" />
                <SequencePoint vc="100" uspid="272" ordinal="60" offset="1726" sl="216" sc="13" el="216" ec="32" bec="2" bev="2" fileid="2" />
                <SequencePoint vc="80" uspid="273" ordinal="61" offset="1737" sl="217" sc="17" el="217" ec="71" bec="2" bev="2" fileid="2" />
                <SequencePoint vc="19" uspid="274" ordinal="62" offset="1791" sl="217" sc="72" el="217" ec="91" bec="0" bev="0" fileid="2" />
                <SequencePoint vc="100" uspid="275" ordinal="63" offset="1813" sl="219" sc="13" el="219" ec="45" bec="4" bev="4" fileid="2" />
                <SequencePoint vc="2" uspid="276" ordinal="64" offset="1842" sl="220" sc="17" el="220" ec="43" bec="2" bev="2" fileid="2" />
                <SequencePoint vc="1" uspid="277" ordinal="65" offset="1879" sl="220" sc="44" el="220" ec="63" bec="0" bev="0" fileid="2" />
                <SequencePoint vc="100" uspid="278" ordinal="66" offset="1901" sl="222" sc="13" el="222" ec="27" bec="2" bev="2" fileid="2" />
                <SequencePoint vc="96" uspid="279" ordinal="67" offset="1925" sl="223" sc="17" el="223" ec="31" bec="2" bev="2" fileid="2" />
                <SequencePoint vc="14" uspid="280" ordinal="68" offset="1943" sl="223" sc="32" el="223" ec="50" bec="0" bev="0" fileid="2" />
                <SequencePoint vc="82" uspid="281" ordinal="69" offset="1970" sl="224" sc="22" el="224" ec="36" bec="2" bev="2" fileid="2" />
                <SequencePoint vc="2" uspid="282" ordinal="70" offset="1988" sl="224" sc="37" el="224" ec="57" bec="0" bev="0" fileid="2" />
                <SequencePoint vc="80" uspid="283" ordinal="71" offset="2015" sl="225" sc="22" el="225" ec="36" bec="2" bev="1" fileid="2" />
                <SequencePoint vc="0" uspid="284" ordinal="72" offset="2033" sl="225" sc="37" el="225" ec="57" bec="0" bev="0" fileid="2" />
                <SequencePoint vc="80" uspid="285" ordinal="73" offset="2060" sl="226" sc="22" el="226" ec="36" bec="2" bev="1" fileid="2" />
                <SequencePoint vc="0" uspid="286" ordinal="74" offset="2078" sl="226" sc="37" el="226" ec="59" bec="0" bev="0" fileid="2" />
                <SequencePoint vc="80" uspid="287" ordinal="75" offset="2105" sl="227" sc="22" el="227" ec="36" bec="2" bev="2" fileid="2" />
                <SequencePoint vc="6" uspid="288" ordinal="76" offset="2123" sl="227" sc="37" el="227" ec="58" bec="0" bev="0" fileid="2" />
                <SequencePoint vc="74" uspid="289" ordinal="77" offset="2150" sl="228" sc="22" el="228" ec="36" bec="2" bev="1" fileid="2" />
                <SequencePoint vc="0" uspid="290" ordinal="78" offset="2168" sl="228" sc="37" el="228" ec="57" bec="0" bev="0" fileid="2" />
                <SequencePoint vc="74" uspid="291" ordinal="79" offset="2192" sl="229" sc="22" el="229" ec="36" bec="2" bev="2" fileid="2" />
                <SequencePoint vc="10" uspid="292" ordinal="80" offset="2210" sl="229" sc="37" el="229" ec="57" bec="0" bev="0" fileid="2" />
                <SequencePoint vc="64" uspid="293" ordinal="81" offset="2234" sl="230" sc="22" el="230" ec="36" bec="2" bev="2" fileid="2" />
                <SequencePoint vc="2" uspid="294" ordinal="82" offset="2252" sl="230" sc="37" el="230" ec="57" bec="0" bev="0" fileid="2" />
                <SequencePoint vc="62" uspid="295" ordinal="83" offset="2276" sl="231" sc="22" el="231" ec="36" bec="2" bev="1" fileid="2" />
                <SequencePoint vc="0" uspid="296" ordinal="84" offset="2294" sl="231" sc="37" el="231" ec="57" bec="0" bev="0" fileid="2" />
                <SequencePoint vc="100" uspid="297" ordinal="85" offset="2316" sl="232" sc="9" el="232" ec="10" bec="0" bev="0" fileid="2" />
              </SequencePoints>
              <BranchPoints>
                <BranchPoint vc="18" uspid="298" ordinal="0" offset="11" sl="183" path="0" offsetend="13" fileid="2" />
                <BranchPoint vc="82" uspid="299" ordinal="1" offset="11" sl="183" path="1" offsetend="39" fileid="2" />
                <BranchPoint vc="1" uspid="300" ordinal="2" offset="23" sl="183" path="0" offsetend="25" fileid="2" />
                <BranchPoint vc="99" uspid="301" ordinal="3" offset="23" sl="183" path="1" offsetend="39" fileid="2" />
                <BranchPoint vc="1" uspid="302" ordinal="4" offset="42" sl="183" path="0" offsetend="44" fileid="2" />
                <BranchPoint vc="99" uspid="303" ordinal="5" offset="42" sl="183" path="1" offsetend="66" fileid="2" />
                <BranchPoint vc="0" uspid="304" ordinal="6" offset="80" sl="184" path="0" offsetend="82" fileid="2" />
                <BranchPoint vc="100" uspid="305" ordinal="7" offset="80" sl="184" path="1" offsetend="130" fileid="2" />
                <BranchPoint vc="0" uspid="306" ordinal="8" offset="101" sl="184" path="0" offsetend="103" fileid="2" />
                <BranchPoint vc="0" uspid="307" ordinal="9" offset="101" sl="184" path="1" offsetend="110" fileid="2" />
                <BranchPoint vc="0" uspid="308" ordinal="10" offset="144" sl="185" path="0" offsetend="146" fileid="2" />
                <BranchPoint vc="100" uspid="309" ordinal="11" offset="144" sl="185" path="1" offsetend="173" fileid="2" />
                <BranchPoint vc="0" uspid="310" ordinal="12" offset="187" sl="186" path="0" offsetend="189" fileid="2" />
                <BranchPoint vc="100" uspid="311" ordinal="13" offset="187" sl="186" path="1" offsetend="216" fileid="2" />
                <BranchPoint vc="3" uspid="312" ordinal="14" offset="232" sl="187" path="0" offsetend="234" fileid="2" />
                <BranchPoint vc="97" uspid="313" ordinal="15" offset="232" sl="187" path="1" offsetend="261" fileid="2" />
                <BranchPoint vc="0" uspid="314" ordinal="16" offset="277" sl="188" path="0" offsetend="279" fileid="2" />
                <BranchPoint vc="97" uspid="315" ordinal="17" offset="277" sl="188" path="1" offsetend="306" fileid="2" />
                <BranchPoint vc="8" uspid="316" ordinal="18" offset="322" sl="189" path="0" offsetend="324" fileid="2" />
                <BranchPoint vc="89" uspid="317" ordinal="19" offset="322" sl="189" path="1" offsetend="348" fileid="2" />
                <BranchPoint vc="1" uspid="318" ordinal="20" offset="364" sl="190" path="0" offsetend="366" fileid="2" />
                <BranchPoint vc="88" uspid="319" ordinal="21" offset="364" sl="190" path="1" offsetend="390" fileid="2" />
                <BranchPoint vc="1" uspid="320" ordinal="22" offset="406" sl="191" path="0" offsetend="408" fileid="2" />
                <BranchPoint vc="87" uspid="321" ordinal="23" offset="406" sl="191" path="1" offsetend="432" fileid="2" />
                <BranchPoint vc="5" uspid="322" ordinal="24" offset="448" sl="192" path="0" offsetend="450" fileid="2" />
                <BranchPoint vc="82" uspid="323" ordinal="25" offset="448" sl="192" path="1" offsetend="472" fileid="2" />
                <BranchPoint vc="4" uspid="324" ordinal="26" offset="488" sl="194" path="0" offsetend="493" fileid="2" />
                <BranchPoint vc="96" uspid="325" ordinal="27" offset="488" sl="194" path="1" offsetend="1182" fileid="2" />
                <BranchPoint vc="0" uspid="326" ordinal="28" offset="510" sl="196" path="0" offsetend="512" fileid="2" />
                <BranchPoint vc="4" uspid="327" ordinal="29" offset="510" sl="196" path="1" offsetend="563" fileid="2" />
                <BranchPoint vc="0" uspid="328" ordinal="30" offset="529" sl="196" path="0" offsetend="531" fileid="2" />
                <BranchPoint vc="0" uspid="329" ordinal="31" offset="529" sl="196" path="1" offsetend="538" fileid="2" />
                <BranchPoint vc="0" uspid="330" ordinal="32" offset="579" sl="197" path="0" offsetend="581" fileid="2" />
                <BranchPoint vc="4" uspid="331" ordinal="33" offset="579" sl="197" path="1" offsetend="632" fileid="2" />
                <BranchPoint vc="0" uspid="332" ordinal="34" offset="598" sl="197" path="0" offsetend="600" fileid="2" />
                <BranchPoint vc="0" uspid="333" ordinal="35" offset="598" sl="197" path="1" offsetend="607" fileid="2" />
                <BranchPoint vc="0" uspid="334" ordinal="36" offset="648" sl="198" path="0" offsetend="650" fileid="2" />
                <BranchPoint vc="4" uspid="335" ordinal="37" offset="648" sl="198" path="1" offsetend="701" fileid="2" />
                <BranchPoint vc="0" uspid="336" ordinal="38" offset="667" sl="198" path="0" offsetend="669" fileid="2" />
                <BranchPoint vc="0" uspid="337" ordinal="39" offset="667" sl="198" path="1" offsetend="676" fileid="2" />
                <BranchPoint vc="0" uspid="338" ordinal="40" offset="717" sl="199" path="0" offsetend="719" fileid="2" />
                <BranchPoint vc="4" uspid="339" ordinal="41" offset="717" sl="199" path="1" offsetend="770" fileid="2" />
                <BranchPoint vc="0" uspid="340" ordinal="42" offset="736" sl="199" path="0" offsetend="738" fileid="2" />
                <BranchPoint vc="0" uspid="341" ordinal="43" offset="736" sl="199" path="1" offsetend="745" fileid="2" />
                <BranchPoint vc="0" uspid="342" ordinal="44" offset="786" sl="200" path="0" offsetend="788" fileid="2" />
                <BranchPoint vc="4" uspid="343" ordinal="45" offset="786" sl="200" path="1" offsetend="839" fileid="2" />
                <BranchPoint vc="0" uspid="344" ordinal="46" offset="805" sl="200" path="0" offsetend="807" fileid="2" />
                <BranchPoint vc="0" uspid="345" ordinal="47" offset="805" sl="200" path="1" offsetend="814" fileid="2" />
                <BranchPoint vc="2" uspid="346" ordinal="48" offset="855" sl="201" path="0" offsetend="857" fileid="2" />
                <BranchPoint vc="2" uspid="347" ordinal="49" offset="855" sl="201" path="1" offsetend="908" fileid="2" />
                <BranchPoint vc="1" uspid="348" ordinal="50" offset="874" sl="201" path="0" offsetend="876" fileid="2" />
                <BranchPoint vc="1" uspid="349" ordinal="51" offset="874" sl="201" path="1" offsetend="883" fileid="2" />
                <BranchPoint vc="1" uspid="350" ordinal="52" offset="924" sl="202" path="0" offsetend="926" fileid="2" />
                <BranchPoint vc="1" uspid="351" ordinal="53" offset="924" sl="202" path="1" offsetend="977" fileid="2" />
                <BranchPoint vc="1" uspid="352" ordinal="54" offset="943" sl="202" path="0" offsetend="945" fileid="2" />
                <BranchPoint vc="0" uspid="353" ordinal="55" offset="943" sl="202" path="1" offsetend="952" fileid="2" />
                <BranchPoint vc="0" uspid="354" ordinal="56" offset="993" sl="203" path="0" offsetend="995" fileid="2" />
                <BranchPoint vc="1" uspid="355" ordinal="57" offset="993" sl="203" path="1" offsetend="1046" fileid="2" />
                <BranchPoint vc="0" uspid="356" ordinal="58" offset="1012" sl="203" path="0" offsetend="1014" fileid="2" />
                <BranchPoint vc="0" uspid="357" ordinal="59" offset="1012" sl="203" path="1" offsetend="1021" fileid="2" />
                <BranchPoint vc="0" uspid="358" ordinal="60" offset="1062" sl="204" path="0" offsetend="1064" fileid="2" />
                <BranchPoint vc="1" uspid="359" ordinal="61" offset="1062" sl="204" path="1" offsetend="1112" fileid="2" />
                <BranchPoint vc="0" uspid="360" ordinal="62" offset="1081" sl="204" path="0" offsetend="1083" fileid="2" />
                <BranchPoint vc="0" uspid="361" ordinal="63" offset="1081" sl="204" path="1" offsetend="1090" fileid="2" />
                <BranchPoint vc="1" uspid="362" ordinal="64" offset="1128" sl="205" path="0" offsetend="1130" fileid="2" />
                <BranchPoint vc="0" uspid="363" ordinal="65" offset="1128" sl="205" path="1" offsetend="1176" fileid="2" />
                <BranchPoint vc="1" uspid="364" ordinal="66" offset="1147" sl="205" path="0" offsetend="1149" fileid="2" />
                <BranchPoint vc="0" uspid="365" ordinal="67" offset="1147" sl="205" path="1" offsetend="1156" fileid="2" />
                <BranchPoint vc="4" uspid="366" ordinal="68" offset="1198" sl="207" path="0" offsetend="1200" fileid="2" />
                <BranchPoint vc="92" uspid="367" ordinal="69" offset="1198" sl="207" path="1" offsetend="1251" fileid="2" />
                <BranchPoint vc="2" uspid="368" ordinal="70" offset="1217" sl="207" path="0" offsetend="1219" fileid="2" />
                <BranchPoint vc="2" uspid="369" ordinal="71" offset="1217" sl="207" path="1" offsetend="1226" fileid="2" />
                <BranchPoint vc="9" uspid="370" ordinal="72" offset="1267" sl="208" path="0" offsetend="1269" fileid="2" />
                <BranchPoint vc="83" uspid="371" ordinal="73" offset="1267" sl="208" path="1" offsetend="1320" fileid="2" />
                <BranchPoint vc="1" uspid="372" ordinal="74" offset="1286" sl="208" path="0" offsetend="1288" fileid="2" />
                <BranchPoint vc="8" uspid="373" ordinal="75" offset="1286" sl="208" path="1" offsetend="1295" fileid="2" />
                <BranchPoint vc="0" uspid="374" ordinal="76" offset="1336" sl="209" path="0" offsetend="1338" fileid="2" />
                <BranchPoint vc="83" uspid="375" ordinal="77" offset="1336" sl="209" path="1" offsetend="1389" fileid="2" />
                <BranchPoint vc="0" uspid="376" ordinal="78" offset="1355" sl="209" path="0" offsetend="1357" fileid="2" />
                <BranchPoint vc="0" uspid="377" ordinal="79" offset="1355" sl="209" path="1" offsetend="1364" fileid="2" />
                <BranchPoint vc="1" uspid="378" ordinal="80" offset="1405" sl="210" path="0" offsetend="1407" fileid="2" />
                <BranchPoint vc="82" uspid="379" ordinal="81" offset="1405" sl="210" path="1" offsetend="1458" fileid="2" />
                <BranchPoint vc="0" uspid="380" ordinal="82" offset="1424" sl="210" path="0" offsetend="1426" fileid="2" />
                <BranchPoint vc="1" uspid="381" ordinal="83" offset="1424" sl="210" path="1" offsetend="1433" fileid="2" />
                <BranchPoint vc="6" uspid="382" ordinal="84" offset="1474" sl="211" path="0" offsetend="1476" fileid="2" />
                <BranchPoint vc="76" uspid="383" ordinal="85" offset="1474" sl="211" path="1" offsetend="1527" fileid="2" />
                <BranchPoint vc="1" uspid="384" ordinal="86" offset="1493" sl="211" path="0" offsetend="1495" fileid="2" />
                <BranchPoint vc="5" uspid="385" ordinal="87" offset="1493" sl="211" path="1" offsetend="1502" fileid="2" />
                <BranchPoint vc="0" uspid="386" ordinal="88" offset="1543" sl="212" path="0" offsetend="1545" fileid="2" />
                <BranchPoint vc="76" uspid="387" ordinal="89" offset="1543" sl="212" path="1" offsetend="1596" fileid="2" />
                <BranchPoint vc="0" uspid="388" ordinal="90" offset="1562" sl="212" path="0" offsetend="1564" fileid="2" />
                <BranchPoint vc="0" uspid="389" ordinal="91" offset="1562" sl="212" path="1" offsetend="1571" fileid="2" />
                <BranchPoint vc="0" uspid="390" ordinal="92" offset="1612" sl="213" path="0" offsetend="1614" fileid="2" />
                <BranchPoint vc="76" uspid="391" ordinal="93" offset="1612" sl="213" path="1" offsetend="1662" fileid="2" />
                <BranchPoint vc="0" uspid="392" ordinal="94" offset="1631" sl="213" path="0" offsetend="1633" fileid="2" />
                <BranchPoint vc="0" uspid="393" ordinal="95" offset="1631" sl="213" path="1" offsetend="1640" fileid="2" />
                <BranchPoint vc="0" uspid="394" ordinal="96" offset="1678" sl="214" path="0" offsetend="1680" fileid="2" />
                <BranchPoint vc="76" uspid="395" ordinal="97" offset="1678" sl="214" path="1" offsetend="1726" fileid="2" />
                <BranchPoint vc="0" uspid="396" ordinal="98" offset="1697" sl="214" path="0" offsetend="1699" fileid="2" />
                <BranchPoint vc="0" uspid="397" ordinal="99" offset="1697" sl="214" path="1" offsetend="1706" fileid="2" />
                <BranchPoint vc="80" uspid="398" ordinal="100" offset="1735" sl="216" path="0" offsetend="1737" fileid="2" />
                <BranchPoint vc="20" uspid="399" ordinal="101" offset="1735" sl="216" path="1" offsetend="1813" fileid="2" />
                <BranchPoint vc="19" uspid="400" ordinal="102" offset="1789" sl="217" path="0" offsetend="1791" fileid="2" />
                <BranchPoint vc="61" uspid="401" ordinal="103" offset="1789" sl="217" path="1" offsetend="1813" fileid="2" />
                <BranchPoint vc="20" uspid="402" ordinal="104" offset="1816" sl="219" path="0" offsetend="1818" fileid="2" />
                <BranchPoint vc="80" uspid="403" ordinal="105" offset="1816" sl="219" path="1" offsetend="1835" fileid="2" />
                <BranchPoint vc="2" uspid="404" ordinal="106" offset="1840" sl="219" path="0" offsetend="1842" fileid="2" />
                <BranchPoint vc="98" uspid="405" ordinal="107" offset="1840" sl="219" path="1" offsetend="1901" fileid="2" />
                <BranchPoint vc="1" uspid="406" ordinal="108" offset="1877" sl="220" path="0" offsetend="1879" fileid="2" />
                <BranchPoint vc="1" uspid="407" ordinal="109" offset="1877" sl="220" path="1" offsetend="1901" fileid="2" />
                <BranchPoint vc="96" uspid="408" ordinal="110" offset="1920" sl="222" path="0" offsetend="1925" fileid="2" />
                <BranchPoint vc="4" uspid="409" ordinal="111" offset="1920" sl="222" path="1" offsetend="2316" fileid="2" />
                <BranchPoint vc="14" uspid="410" ordinal="112" offset="1941" sl="223" path="0" offsetend="1943" fileid="2" />
                <BranchPoint vc="82" uspid="411" ordinal="113" offset="1941" sl="223" path="1" offsetend="1970" fileid="2" />
                <BranchPoint vc="2" uspid="412" ordinal="114" offset="1986" sl="224" path="0" offsetend="1988" fileid="2" />
                <BranchPoint vc="80" uspid="413" ordinal="115" offset="1986" sl="224" path="1" offsetend="2015" fileid="2" />
                <BranchPoint vc="0" uspid="414" ordinal="116" offset="2031" sl="225" path="0" offsetend="2033" fileid="2" />
                <BranchPoint vc="80" uspid="415" ordinal="117" offset="2031" sl="225" path="1" offsetend="2060" fileid="2" />
                <BranchPoint vc="0" uspid="416" ordinal="118" offset="2076" sl="226" path="0" offsetend="2078" fileid="2" />
                <BranchPoint vc="80" uspid="417" ordinal="119" offset="2076" sl="226" path="1" offsetend="2105" fileid="2" />
                <BranchPoint vc="6" uspid="418" ordinal="120" offset="2121" sl="227" path="0" offsetend="2123" fileid="2" />
                <BranchPoint vc="74" uspid="419" ordinal="121" offset="2121" sl="227" path="1" offsetend="2150" fileid="2" />
                <BranchPoint vc="0" uspid="420" ordinal="122" offset="2166" sl="228" path="0" offsetend="2168" fileid="2" />
                <BranchPoint vc="74" uspid="421" ordinal="123" offset="2166" sl="228" path="1" offsetend="2192" fileid="2" />
                <BranchPoint vc="10" uspid="422" ordinal="124" offset="2208" sl="229" path="0" offsetend="2210" fileid="2" />
                <BranchPoint vc="64" uspid="423" ordinal="125" offset="2208" sl="229" path="1" offsetend="2234" fileid="2" />
                <BranchPoint vc="2" uspid="424" ordinal="126" offset="2250" sl="230" path="0" offsetend="2252" fileid="2" />
                <BranchPoint vc="62" uspid="425" ordinal="127" offset="2250" sl="230" path="1" offsetend="2276" fileid="2" />
                <BranchPoint vc="0" uspid="426" ordinal="128" offset="2292" sl="231" path="0" offsetend="2294" fileid="2" />
                <BranchPoint vc="62" uspid="427" ordinal="129" offset="2292" sl="231" path="1" offsetend="2316" fileid="2" />
              </BranchPoints>
              <MethodPoint xsi:type="SequencePoint" vc="100" uspid="212" ordinal="0" offset="0" sl="182" sc="9" el="182" ec="10" bec="0" bev="0" fileid="2" />
            </Method>
            <Method visited="true" cyclomaticComplexity="1" nPathComplexity="0" sequenceCoverage="100" branchCoverage="100" crapScore="1" isConstructor="true" isStatic="false" isGetter="false" isSetter="false">
              <Summary numSequencePoints="1" visitedSequencePoints="1" numBranchPoints="1" visitedBranchPoints="1" sequenceCoverage="100" branchCoverage="100" maxCyclomaticComplexity="1" minCyclomaticComplexity="1" maxCrapScore="1" minCrapScore="1" visitedClasses="0" numClasses="0" visitedMethods="1" numMethods="1" />
              <MetadataToken>100663312</MetadataToken>
              <Name>System.Void ChequePorExtenso.ConsoleApp.Numero::.ctor()</Name>
              <FileRef uid="2" />
              <SequencePoints>
                <SequencePoint vc="20" uspid="428" ordinal="0" offset="0" sl="12" sc="9" el="12" ec="38" bec="0" bev="0" fileid="2" />
              </SequencePoints>
              <BranchPoints />
              <MethodPoint xsi:type="SequencePoint" vc="20" uspid="428" ordinal="0" offset="0" sl="12" sc="9" el="12" ec="38" bec="0" bev="0" fileid="2" />
            </Method>
          </Methods>
        </Class>
        <Class>
          <Summary numSequencePoints="2" visitedSequencePoints="0" numBranchPoints="1" visitedBranchPoints="0" sequenceCoverage="0" branchCoverage="0" maxCyclomaticComplexity="1" minCyclomaticComplexity="1" maxCrapScore="2" minCrapScore="2" visitedClasses="0" numClasses="1" visitedMethods="0" numMethods="1" />
          <FullName>ChequePorExtenso.ConsoleApp.Program</FullName>
          <Methods>
            <Method visited="false" cyclomaticComplexity="1" nPathComplexity="0" sequenceCoverage="0" branchCoverage="0" crapScore="2" isConstructor="false" isStatic="true" isGetter="false" isSetter="false">
              <Summary numSequencePoints="2" visitedSequencePoints="0" numBranchPoints="1" visitedBranchPoints="0" sequenceCoverage="0" branchCoverage="0" maxCyclomaticComplexity="1" minCyclomaticComplexity="1" maxCrapScore="2" minCrapScore="2" visitedClasses="0" numClasses="0" visitedMethods="0" numMethods="1" />
              <MetadataToken>100663313</MetadataToken>
              <Name>System.Void ChequePorExtenso.ConsoleApp.Program::Main(System.String[])</Name>
              <FileRef uid="3" />
              <SequencePoints>
                <SequencePoint vc="0" uspid="429" ordinal="0" offset="0" sl="12" sc="9" el="12" ec="10" bec="0" bev="0" fileid="3" />
                <SequencePoint vc="0" uspid="430" ordinal="1" offset="1" sl="15" sc="9" el="15" ec="10" bec="0" bev="0" fileid="3" />
              </SequencePoints>
              <BranchPoints />
              <MethodPoint xsi:type="SequencePoint" vc="0" uspid="429" ordinal="0" offset="0" sl="12" sc="9" el="12" ec="10" bec="0" bev="0" fileid="3" />
            </Method>
            <Method visited="false" cyclomaticComplexity="1" nPathComplexity="0" sequenceCoverage="0" branchCoverage="0" crapScore="2" isConstructor="true" isStatic="false" isGetter="false" isSetter="false">
              <Summary numSequencePoints="0" visitedSequencePoints="0" numBranchPoints="0" visitedBranchPoints="0" sequenceCoverage="0" branchCoverage="0" maxCyclomaticComplexity="1" minCyclomaticComplexity="1" maxCrapScore="2" minCrapScore="2" visitedClasses="0" numClasses="0" visitedMethods="0" numMethods="0" />
              <MetadataToken>100663314</MetadataToken>
              <Name>System.Void ChequePorExtenso.ConsoleApp.Program::.ctor()</Name>
              <SequencePoints />
              <BranchPoints />
              <MethodPoint vc="0" uspid="431" ordinal="0" offset="0" />
            </Method>
          </Methods>
        </Class>
      </Classes>
    </Module>
  </Modules>
</CoverageSession>